{"name": "test_a[a-a1]", "status": "failed", "statusDetails": {"message": "AssertionError: assert 'a' == 'a1'\n  - a1\n  + a", "trace": "self = <test_demo.TestDemo object at 0x0000017CA0D8B880>, a = 'a', b = 'a1'\n\n    @pytest.mark.parametrize('a,b', [\n        (10, 20),\n        (10, 10),\n        ('a', 'a1')\n    ])\n    def test_a(self, a, b):\n>       assert a == b\nE       AssertionError: assert 'a' == 'a1'\nE         - a1\nE         + a\n\ntest_demo.py:16: AssertionError"}, "parameters": [{"name": "a", "value": "'a'"}, {"name": "b", "value": "'a1'"}], "start": 1615726260875, "stop": 1615726260876, "uuid": "4126a68a-504a-4fef-bfa9-33d820540aad", "historyId": "20d97d7ae960114d0264ce9272ae2d9d", "testCaseId": "804507a742c94cca5d032d6b04dec6b1", "fullName": "test_demo.TestDemo#test_a", "labels": [{"name": "suite", "value": "test_demo"}, {"name": "subSuite", "value": "TestDemo"}, {"name": "host", "value": "FDD-PZSTWIEXCFJ"}, {"name": "thread", "value": "2028-MainThread"}, {"name": "framework", "value": "pytest"}, {"name": "language", "value": "cpython3"}, {"name": "package", "value": "test_demo"}]}